0 info it worked if it ends with ok
1 verbose cli [ '/usr/local/bin/node',
1 verbose cli   '/Users/tim/.npm-packages/bin/npm',
1 verbose cli   'start' ]
2 info using npm@3.8.6
3 info using node@v4.4.3
4 verbose run-script [ 'prestart', 'start', 'poststart' ]
5 info lifecycle SimpleApp@0.0.0~prestart: SimpleApp@0.0.0
6 silly lifecycle SimpleApp@0.0.0~prestart: no script for prestart, continuing
7 info lifecycle SimpleApp@0.0.0~start: SimpleApp@0.0.0
8 verbose lifecycle SimpleApp@0.0.0~start: unsafe-perm in lifecycle true
9 verbose lifecycle SimpleApp@0.0.0~start: PATH: /Users/tim/.npm-packages/lib/node_modules/npm/bin/node-gyp-bin:/Users/tim/Dropbox/Tim/teaching/2016/CITS3403/SimpleApp/node_modules/.bin:/usr/local/bin:/opt/local/bin:/opt/local/sbin:/Users/tim/.npm-packages/bin:/Library/Frameworks/Python.framework/Versions/2.7/bin:/Library/TeX/texbin:/Library/Frameworks/Python.framework/Versions/3.4/bin:/opt/local/bin:/opt/local/sbin:/opt/local/bin:/opt/local/sbin:/Library/Frameworks/Python.framework/Versions/2.7/bin:/usr/local/bin:/usr/bin:/bin:/usr/sbin:/sbin:/opt/X11/bin:/usr/texbin
10 verbose lifecycle SimpleApp@0.0.0~start: CWD: /Users/tim/Dropbox/Tim/teaching/2016/CITS3403/SimpleApp
11 silly lifecycle SimpleApp@0.0.0~start: Args: [ '-c', 'node ./bin/www' ]
12 silly lifecycle SimpleApp@0.0.0~start: Returned: code: 1  signal: null
13 info lifecycle SimpleApp@0.0.0~start: Failed to exec start script
14 verbose stack Error: SimpleApp@0.0.0 start: `node ./bin/www`
14 verbose stack Exit status 1
14 verbose stack     at EventEmitter.<anonymous> (/Users/tim/.npm-packages/lib/node_modules/npm/lib/utils/lifecycle.js:239:16)
14 verbose stack     at emitTwo (events.js:87:13)
14 verbose stack     at EventEmitter.emit (events.js:172:7)
14 verbose stack     at ChildProcess.<anonymous> (/Users/tim/.npm-packages/lib/node_modules/npm/lib/utils/spawn.js:24:14)
14 verbose stack     at emitTwo (events.js:87:13)
14 verbose stack     at ChildProcess.emit (events.js:172:7)
14 verbose stack     at maybeClose (internal/child_process.js:827:16)
14 verbose stack     at Process.ChildProcess._handle.onexit (internal/child_process.js:211:5)
15 verbose pkgid SimpleApp@0.0.0
16 verbose cwd /Users/tim/Dropbox/Tim/teaching/2016/CITS3403/SimpleApp/server/views
17 error Darwin 15.5.0
18 error argv "/usr/local/bin/node" "/Users/tim/.npm-packages/bin/npm" "start"
19 error node v4.4.3
20 error npm  v3.8.6
21 error code ELIFECYCLE
22 error SimpleApp@0.0.0 start: `node ./bin/www`
22 error Exit status 1
23 error Failed at the SimpleApp@0.0.0 start script 'node ./bin/www'.
23 error Make sure you have the latest version of node.js and npm installed.
23 error If you do, this is most likely a problem with the SimpleApp package,
23 error not with npm itself.
23 error Tell the author that this fails on your system:
23 error     node ./bin/www
23 error You can get information on how to open an issue for this project with:
23 error     npm bugs SimpleApp
23 error Or if that isn't available, you can get their info via:
23 error     npm owner ls SimpleApp
23 error There is likely additional logging output above.
24 verbose exit [ 1, true ]
